2024-05-17 19:10:03,759 INFO    Load new .env.production
2024-05-17 19:10:16,025 INFO    -------------------------------
2024-05-17 19:10:16,025 INFO    LittLeBirDD#3890 is Ready
2024-05-17 19:10:16,025 INFO    -------------------------------
2024-05-17 19:10:16,860 INFO    Wavelink 0Qn9VRVU4meN23xt connected
2024-05-17 19:13:52,143.143
2024-05-17 19:14:03,858.858
INFO    Load new .env.production
2024-05-17,19:14:31 INFO    Load new .env.production
2024-05-17 19:14:58 INFO     Load new .env.production
2024-05-17 19:16:03 INFO     Changing Avartar
2024-05-17 19:16:04 INFO     -------------------------------
2024-05-17 19:16:04 INFO     LittLeBirDD#3890 is Ready
2024-05-17 19:16:04 INFO     -------------------------------
2024-05-17 19:16:05 INFO     Wavelink ln_w-si710iA1snh connected
2024-05-17 19:25:23 INFO     Load new .env.production
2024-05-17 19:26:35 INFO     Load new .env.production
2024-05-17 19:26:46 INFO     Changing Avartar
2024-05-17 19:26:47 INFO     -------------------------------
2024-05-17 19:26:47 INFO     LittLeBirDD#3890 is Ready
2024-05-17 19:26:47 INFO     -------------------------------
2024-05-17 19:26:48 INFO     Wavelink cxdWBHxZDp5h_IeQ connected
