2023-12-30T00:00:16.376+07:00  INFO 16276 --- [pool-11-thread-1] lavalink.server.io.SocketContext         : Shutting down 0 playing players.
2023-12-30T00:12:23.859+07:00  INFO 16276 --- [XNIO-1 task-2] l.server.io.HandshakeInterceptorImpl     : Incoming connection from /[0:0:0:0:0:0:0:1]:52837
2023-12-30T00:12:23.861+07:00  INFO 16276 --- [XNIO-1 task-2] l.server.io.RequestLoggingFilter         : GET /v4/websocket
2023-12-30T00:12:23.864+07:00  INFO 16276 --- [XNIO-1 task-2] lavalink.server.io.SocketServer          : Connection successfully established from Wavelink/3.1.0
2023-12-30T00:12:23.869+07:00  INFO 16276 --- [XNIO-1 task-2] l.server.io.RequestLoggingFilter         : PATCH /v4/sessions/a85qit25uy3dtuzi, payload={"resuming": true, "timeout": 60}
2023-12-30T00:12:23.874+07:00  INFO 16276 --- [XNIO-1 task-2] l.server.io.RequestLoggingFilter         : GET /v4/info
2023-12-30T00:13:07.870+07:00  INFO 16276 --- [XNIO-1 I/O-1] lavalink.server.io.SocketServer          : Connection closed from /[0:0:0:0:0:0:0:1]:52837 with status CloseStatus[code=1006, reason=] -- Session can be resumed within the next 60 seconds with id a85qit25uy3dtuzi
2023-12-30T00:13:19.405+07:00  INFO 16276 --- [XNIO-1 task-2] l.server.io.HandshakeInterceptorImpl     : Incoming connection from /[0:0:0:0:0:0:0:1]:52875
2023-12-30T00:13:19.408+07:00  INFO 16276 --- [XNIO-1 task-2] l.server.io.RequestLoggingFilter         : GET /v4/websocket
2023-12-30T00:13:19.415+07:00  INFO 16276 --- [XNIO-1 task-2] lavalink.server.io.SocketServer          : Connection successfully established from Wavelink/3.1.0
2023-12-30T00:13:19.422+07:00  INFO 16276 --- [XNIO-1 task-3] l.server.io.RequestLoggingFilter         : PATCH /v4/sessions/9readt9upc4tn0yc, payload={"resuming": true, "timeout": 60}
2023-12-30T00:13:19.426+07:00  INFO 16276 --- [XNIO-1 task-3] l.server.io.RequestLoggingFilter         : GET /v4/info
2023-12-30T00:13:36.680+07:00  INFO 16276 --- [XNIO-1 I/O-1] lavalink.server.io.SocketServer          : Connection closed from /[0:0:0:0:0:0:0:1]:52875 with status CloseStatus[code=1006, reason=] -- Session can be resumed within the next 60 seconds with id 9readt9upc4tn0yc
2023-12-30T00:13:47.761+07:00  INFO 16276 --- [XNIO-1 task-3] l.server.io.HandshakeInterceptorImpl     : Incoming connection from /[0:0:0:0:0:0:0:1]:52908
2023-12-30T00:13:47.763+07:00  INFO 16276 --- [XNIO-1 task-3] l.server.io.RequestLoggingFilter         : GET /v4/websocket
2023-12-30T00:13:47.765+07:00  INFO 16276 --- [XNIO-1 task-3] lavalink.server.io.SocketServer          : Connection successfully established from Wavelink/3.1.0
2023-12-30T00:13:47.772+07:00  INFO 16276 --- [XNIO-1 task-3] l.server.io.RequestLoggingFilter         : PATCH /v4/sessions/swmy3njbkb6t4xz7, payload={"resuming": true, "timeout": 60}
2023-12-30T00:13:47.774+07:00  INFO 16276 --- [XNIO-1 task-3] l.server.io.RequestLoggingFilter         : GET /v4/info
2023-12-30T00:14:03.113+07:00  INFO 16276 --- [XNIO-1 I/O-6] lavalink.server.io.SocketServer          : Connection closed from /[0:0:0:0:0:0:0:1]:52908 with status CloseStatus[code=1006, reason=] -- Session can be resumed within the next 60 seconds with id swmy3njbkb6t4xz7
2023-12-30T00:14:07.885+07:00  INFO 16276 --- [pool-12-thread-1] lavalink.server.io.SocketContext         : Shutting down 0 playing players.
2023-12-30T00:14:13.885+07:00  INFO 16276 --- [XNIO-1 task-3] l.server.io.HandshakeInterceptorImpl     : Incoming connection from /[0:0:0:0:0:0:0:1]:52934
2023-12-30T00:14:13.887+07:00  INFO 16276 --- [XNIO-1 task-3] l.server.io.RequestLoggingFilter         : GET /v4/websocket
2023-12-30T00:14:13.922+07:00  INFO 16276 --- [XNIO-1 task-3] lavalink.server.io.SocketServer          : Connection successfully established from Wavelink/3.1.0
2023-12-30T00:14:13.927+07:00  INFO 16276 --- [XNIO-1 task-3] l.server.io.RequestLoggingFilter         : PATCH /v4/sessions/9aswbei081ngr4sw, payload={"resuming": true, "timeout": 60}
2023-12-30T00:14:13.930+07:00  INFO 16276 --- [XNIO-1 task-3] l.server.io.RequestLoggingFilter         : GET /v4/info
2023-12-30T00:14:36.686+07:00  INFO 16276 --- [pool-13-thread-1] lavalink.server.io.SocketContext         : Shutting down 0 playing players.
2023-12-30T00:15:03.121+07:00  INFO 16276 --- [pool-14-thread-1] lavalink.server.io.SocketContext         : Shutting down 0 playing players.
2023-12-30T00:20:01.165+07:00  INFO 16276 --- [XNIO-1 I/O-2] lavalink.server.io.SocketServer          : Connection closed from /[0:0:0:0:0:0:0:1]:52934 with status CloseStatus[code=1006, reason=] -- Session can be resumed within the next 60 seconds with id 9aswbei081ngr4sw
2023-12-30T00:21:01.169+07:00  INFO 16276 --- [pool-15-thread-1] lavalink.server.io.SocketContext         : Shutting down 0 playing players.
2023-12-30T00:23:28.856+07:00  INFO 16276 --- [XNIO-1 task-3] l.server.io.HandshakeInterceptorImpl     : Incoming connection from /[0:0:0:0:0:0:0:1]:53217
2023-12-30T00:23:28.857+07:00  INFO 16276 --- [XNIO-1 task-3] l.server.io.RequestLoggingFilter         : GET /v4/websocket
2023-12-30T00:23:28.860+07:00  INFO 16276 --- [XNIO-1 task-3] lavalink.server.io.SocketServer          : Connection successfully established from Wavelink/3.1.0
2023-12-30T00:23:28.865+07:00  INFO 16276 --- [XNIO-1 task-3] l.server.io.RequestLoggingFilter         : PATCH /v4/sessions/s4rqv54mcpz4pfyp, payload={"resuming": true, "timeout": 60}
2023-12-30T00:23:28.867+07:00  INFO 16276 --- [XNIO-1 task-3] l.server.io.RequestLoggingFilter         : GET /v4/info
2023-12-30T00:27:34.763+07:00  INFO 16276 --- [XNIO-1 I/O-5] lavalink.server.io.SocketServer          : Connection closed from /[0:0:0:0:0:0:0:1]:53217 with status CloseStatus[code=1006, reason=] -- Session can be resumed within the next 60 seconds with id s4rqv54mcpz4pfyp
2023-12-30T00:27:48.099+07:00  INFO 16276 --- [XNIO-1 task-3] l.server.io.HandshakeInterceptorImpl     : Incoming connection from /[0:0:0:0:0:0:0:1]:53341
2023-12-30T00:27:48.101+07:00  INFO 16276 --- [XNIO-1 task-3] l.server.io.RequestLoggingFilter         : GET /v4/websocket
2023-12-30T00:27:48.102+07:00  INFO 16276 --- [XNIO-1 task-3] lavalink.server.io.SocketServer          : Connection successfully established from Wavelink/3.1.0
2023-12-30T00:27:48.108+07:00  INFO 16276 --- [XNIO-1 task-3] l.server.io.RequestLoggingFilter         : PATCH /v4/sessions/b2r18iqjqt85agph, payload={"resuming": true, "timeout": 60}
2023-12-30T00:27:48.111+07:00  INFO 16276 --- [XNIO-1 task-3] l.server.io.RequestLoggingFilter         : GET /v4/info
2023-12-30T00:28:34.778+07:00  INFO 16276 --- [pool-16-thread-1] lavalink.server.io.SocketContext         : Shutting down 0 playing players.
2023-12-30T00:32:18.736+07:00  INFO 16276 --- [XNIO-1 I/O-2] lavalink.server.io.SocketServer          : Connection closed from /[0:0:0:0:0:0:0:1]:53341 with status CloseStatus[code=1006, reason=] -- Session can be resumed within the next 60 seconds with id b2r18iqjqt85agph
2023-12-30T00:33:05.608+07:00  INFO 16276 --- [XNIO-1 task-3] l.server.io.HandshakeInterceptorImpl     : Incoming connection from /[0:0:0:0:0:0:0:1]:53520
2023-12-30T00:33:05.609+07:00  INFO 16276 --- [XNIO-1 task-3] l.server.io.RequestLoggingFilter         : GET /v4/websocket
2023-12-30T00:33:05.611+07:00  INFO 16276 --- [XNIO-1 task-3] lavalink.server.io.SocketServer          : Connection successfully established from Wavelink/3.1.0
2023-12-30T00:33:05.615+07:00  INFO 16276 --- [XNIO-1 task-3] l.server.io.RequestLoggingFilter         : PATCH /v4/sessions/i9kqqvlwoxi23yad, payload={"resuming": true, "timeout": 60}
2023-12-30T00:33:05.618+07:00  INFO 16276 --- [XNIO-1 task-3] l.server.io.RequestLoggingFilter         : GET /v4/info
2023-12-30T00:33:18.742+07:00  INFO 16276 --- [pool-17-thread-1] lavalink.server.io.SocketContext         : Shutting down 0 playing players.
2023-12-30T00:35:14.414+07:00  INFO 16276 --- [XNIO-1 I/O-3] lavalink.server.io.SocketServer          : Connection closed from /[0:0:0:0:0:0:0:1]:53520 with status CloseStatus[code=1006, reason=] -- Session can be resumed within the next 60 seconds with id i9kqqvlwoxi23yad
2023-12-30T00:35:26.187+07:00  INFO 16276 --- [XNIO-1 task-3] l.server.io.HandshakeInterceptorImpl     : Incoming connection from /[0:0:0:0:0:0:0:1]:53591
2023-12-30T00:35:26.189+07:00  INFO 16276 --- [XNIO-1 task-3] l.server.io.RequestLoggingFilter         : GET /v4/websocket
2023-12-30T00:35:26.192+07:00  INFO 16276 --- [XNIO-1 task-3] lavalink.server.io.SocketServer          : Connection successfully established from Wavelink/3.1.0
2023-12-30T00:35:26.197+07:00  INFO 16276 --- [XNIO-1 task-3] l.server.io.RequestLoggingFilter         : PATCH /v4/sessions/6qui4bkpvczxhzww, payload={"resuming": true, "timeout": 60}
2023-12-30T00:35:26.201+07:00  INFO 16276 --- [XNIO-1 task-3] l.server.io.RequestLoggingFilter         : GET /v4/info
2023-12-30T00:36:14.424+07:00  INFO 16276 --- [pool-18-thread-1] lavalink.server.io.SocketContext         : Shutting down 0 playing players.
2023-12-30T00:52:49.746+07:00  INFO 16276 --- [XNIO-1 I/O-5] lavalink.server.io.SocketServer          : Connection closed from /[0:0:0:0:0:0:0:1]:53591 with status CloseStatus[code=1006, reason=] -- Session can be resumed within the next 60 seconds with id 6qui4bkpvczxhzww
2023-12-30T00:53:01.465+07:00  INFO 16276 --- [XNIO-1 task-3] l.server.io.HandshakeInterceptorImpl     : Incoming connection from /[0:0:0:0:0:0:0:1]:54143
2023-12-30T00:53:01.467+07:00  INFO 16276 --- [XNIO-1 task-3] l.server.io.RequestLoggingFilter         : GET /v4/websocket
2023-12-30T00:53:01.469+07:00  INFO 16276 --- [XNIO-1 task-3] lavalink.server.io.SocketServer          : Connection successfully established from Wavelink/3.1.0
2023-12-30T00:53:01.474+07:00  INFO 16276 --- [XNIO-1 task-3] l.server.io.RequestLoggingFilter         : PATCH /v4/sessions/tuss80er650fp6ez, payload={"resuming": true, "timeout": 60}
2023-12-30T00:53:01.480+07:00  INFO 16276 --- [XNIO-1 task-3] l.server.io.RequestLoggingFilter         : GET /v4/info
2023-12-30T00:53:49.748+07:00  INFO 16276 --- [pool-19-thread-1] lavalink.server.io.SocketContext         : Shutting down 0 playing players.
2023-12-30T01:14:17.985+07:00  INFO 16276 --- [XNIO-1 I/O-2] lavalink.server.io.SocketServer          : Connection closed from /[0:0:0:0:0:0:0:1]:54143 with status CloseStatus[code=1006, reason=] -- Session can be resumed within the next 60 seconds with id tuss80er650fp6ez
2023-12-30T01:15:17.997+07:00  INFO 16276 --- [pool-20-thread-1] lavalink.server.io.SocketContext         : Shutting down 0 playing players.
2023-12-30T01:18:36.831+07:00  INFO 16276 --- [XNIO-1 task-3] l.server.io.HandshakeInterceptorImpl     : Incoming connection from /[0:0:0:0:0:0:0:1]:54920
2023-12-30T01:18:36.832+07:00  INFO 16276 --- [XNIO-1 task-3] l.server.io.RequestLoggingFilter         : GET /v4/websocket
2023-12-30T01:18:36.834+07:00  INFO 16276 --- [XNIO-1 task-3] lavalink.server.io.SocketServer          : Connection successfully established from Wavelink/3.1.0
2023-12-30T01:18:36.839+07:00  INFO 16276 --- [XNIO-1 task-3] l.server.io.RequestLoggingFilter         : PATCH /v4/sessions/h1bj8x2m7omgpx67, payload={"resuming": true, "timeout": 60}
2023-12-30T01:18:36.842+07:00  INFO 16276 --- [XNIO-1 task-3] l.server.io.RequestLoggingFilter         : GET /v4/info
2023-12-30T01:21:11.773+07:00  INFO 16276 --- [XNIO-1 I/O-5] lavalink.server.io.SocketServer          : Connection closed from /[0:0:0:0:0:0:0:1]:54920 with status CloseStatus[code=1006, reason=] -- Session can be resumed within the next 60 seconds with id h1bj8x2m7omgpx67
2023-12-30T01:21:28.014+07:00  INFO 16276 --- [XNIO-1 task-3] l.server.io.HandshakeInterceptorImpl     : Incoming connection from /[0:0:0:0:0:0:0:1]:55002
2023-12-30T01:21:28.015+07:00  INFO 16276 --- [XNIO-1 task-3] l.server.io.RequestLoggingFilter         : GET /v4/websocket
2023-12-30T01:21:28.017+07:00  INFO 16276 --- [XNIO-1 task-3] lavalink.server.io.SocketServer          : Connection successfully established from Wavelink/3.1.0
2023-12-30T01:21:28.023+07:00  INFO 16276 --- [XNIO-1 task-3] l.server.io.RequestLoggingFilter         : PATCH /v4/sessions/b35r8felqc76a2of, payload={"resuming": true, "timeout": 60}
2023-12-30T01:21:28.026+07:00  INFO 16276 --- [XNIO-1 task-3] l.server.io.RequestLoggingFilter         : GET /v4/info
2023-12-30T01:22:02.651+07:00  INFO 16276 --- [XNIO-1 I/O-6] lavalink.server.io.SocketServer          : Connection closed from /[0:0:0:0:0:0:0:1]:55002 with status CloseStatus[code=1006, reason=] -- Session can be resumed within the next 60 seconds with id b35r8felqc76a2of
2023-12-30T01:22:11.789+07:00  INFO 16276 --- [pool-21-thread-1] lavalink.server.io.SocketContext         : Shutting down 0 playing players.
2023-12-30T01:23:02.666+07:00  INFO 16276 --- [pool-22-thread-1] lavalink.server.io.SocketContext         : Shutting down 0 playing players.
2023-12-30T01:23:53.907+07:00  INFO 16276 --- [XNIO-1 task-3] l.server.io.HandshakeInterceptorImpl     : Incoming connection from /[0:0:0:0:0:0:0:1]:55084
2023-12-30T01:23:53.910+07:00  INFO 16276 --- [XNIO-1 task-3] l.server.io.RequestLoggingFilter         : GET /v4/websocket
2023-12-30T01:23:53.911+07:00  INFO 16276 --- [XNIO-1 task-3] lavalink.server.io.SocketServer          : Connection successfully established from Wavelink/3.1.0
2023-12-30T01:23:53.918+07:00  INFO 16276 --- [XNIO-1 task-3] l.server.io.RequestLoggingFilter         : PATCH /v4/sessions/a39lc1d6h1xhpiqn, payload={"resuming": true, "timeout": 60}
2023-12-30T01:23:53.927+07:00  INFO 16276 --- [XNIO-1 task-3] l.server.io.RequestLoggingFilter         : GET /v4/info
2023-12-30T01:24:14.911+07:00  INFO 16276 --- [XNIO-1 task-3] l.server.player.AudioLoaderRestHandler   : Got request to load for identifier "ytmsearch:twice heart shaker"
2023-12-30T01:24:15.562+07:00  INFO 16276 --- [XNIO-1 task-3] lavalink.server.player.AudioLoader       : Loaded playlist Search results for: twice heart shaker
2023-12-30T01:24:15.605+07:00  INFO 16276 --- [XNIO-1 task-3] l.server.io.RequestLoggingFilter         : GET /v4/loadtracks?identifier=ytmsearch:twice%20heart%20shaker
2023-12-30T01:37:03.294+07:00  INFO 16276 --- [XNIO-1 I/O-3] lavalink.server.io.SocketServer          : Connection closed from /[0:0:0:0:0:0:0:1]:55084 with status CloseStatus[code=1006, reason=] -- Session can be resumed within the next 60 seconds with id a39lc1d6h1xhpiqn
2023-12-30T01:38:03.297+07:00  INFO 16276 --- [pool-23-thread-1] lavalink.server.io.SocketContext         : Shutting down 0 playing players.
2023-12-30T01:38:33.134+07:00  INFO 16276 --- [XNIO-1 task-3] l.server.io.HandshakeInterceptorImpl     : Incoming connection from /[0:0:0:0:0:0:0:1]:55544
2023-12-30T01:38:33.135+07:00  INFO 16276 --- [XNIO-1 task-3] l.server.io.RequestLoggingFilter         : GET /v4/websocket
2023-12-30T01:38:33.136+07:00  INFO 16276 --- [XNIO-1 task-3] lavalink.server.io.SocketServer          : Connection successfully established from Wavelink/3.1.0
2023-12-30T01:38:33.141+07:00  INFO 16276 --- [XNIO-1 task-3] l.server.io.RequestLoggingFilter         : PATCH /v4/sessions/qz0lfoi04w0vdyh3, payload={"resuming": true, "timeout": 60}
2023-12-30T01:38:33.144+07:00  INFO 16276 --- [XNIO-1 task-3] l.server.io.RequestLoggingFilter         : GET /v4/info
2023-12-30T01:39:13.024+07:00  INFO 16276 --- [XNIO-1 I/O-3] lavalink.server.io.SocketServer          : Connection closed from /[0:0:0:0:0:0:0:1]:55544 with status CloseStatus[code=1006, reason=] -- Session can be resumed within the next 60 seconds with id qz0lfoi04w0vdyh3
2023-12-30T01:39:24.859+07:00  INFO 16276 --- [XNIO-1 task-3] l.server.io.HandshakeInterceptorImpl     : Incoming connection from /[0:0:0:0:0:0:0:1]:55578
2023-12-30T01:39:24.860+07:00  INFO 16276 --- [XNIO-1 task-3] l.server.io.RequestLoggingFilter         : GET /v4/websocket
2023-12-30T01:39:24.862+07:00  INFO 16276 --- [XNIO-1 task-3] lavalink.server.io.SocketServer          : Connection successfully established from Wavelink/3.1.0
2023-12-30T01:39:24.866+07:00  INFO 16276 --- [XNIO-1 task-3] l.server.io.RequestLoggingFilter         : PATCH /v4/sessions/xpkhj79ez600nepm, payload={"resuming": true, "timeout": 60}
2023-12-30T01:39:24.867+07:00  INFO 16276 --- [XNIO-1 task-3] l.server.io.RequestLoggingFilter         : GET /v4/info
2023-12-30T01:39:46.359+07:00  INFO 16276 --- [XNIO-1 I/O-1] lavalink.server.io.SocketServer          : Connection closed from /[0:0:0:0:0:0:0:1]:55578 with status CloseStatus[code=1006, reason=] -- Session can be resumed within the next 60 seconds with id xpkhj79ez600nepm
2023-12-30T01:39:57.819+07:00  INFO 16276 --- [XNIO-1 task-3] l.server.io.HandshakeInterceptorImpl     : Incoming connection from /[0:0:0:0:0:0:0:1]:55604
2023-12-30T01:39:57.820+07:00  INFO 16276 --- [XNIO-1 task-3] l.server.io.RequestLoggingFilter         : GET /v4/websocket
2023-12-30T01:39:57.821+07:00  INFO 16276 --- [XNIO-1 task-3] lavalink.server.io.SocketServer          : Connection successfully established from Wavelink/3.1.0
2023-12-30T01:39:57.825+07:00  INFO 16276 --- [XNIO-1 task-3] l.server.io.RequestLoggingFilter         : PATCH /v4/sessions/rbmar58vrlahw1c9, payload={"resuming": true, "timeout": 60}
2023-12-30T01:39:57.829+07:00  INFO 16276 --- [XNIO-1 task-3] l.server.io.RequestLoggingFilter         : GET /v4/info
2023-12-30T01:40:13.035+07:00  INFO 16276 --- [pool-24-thread-1] lavalink.server.io.SocketContext         : Shutting down 0 playing players.
2023-12-30T01:40:24.474+07:00  INFO 16276 --- [XNIO-1 I/O-6] lavalink.server.io.SocketServer          : Connection closed from /[0:0:0:0:0:0:0:1]:55604 with status CloseStatus[code=1006, reason=] -- Session can be resumed within the next 60 seconds with id rbmar58vrlahw1c9
2023-12-30T01:40:36.309+07:00  INFO 16276 --- [XNIO-1 task-3] l.server.io.HandshakeInterceptorImpl     : Incoming connection from /[0:0:0:0:0:0:0:1]:55632
2023-12-30T01:40:36.311+07:00  INFO 16276 --- [XNIO-1 task-3] l.server.io.RequestLoggingFilter         : GET /v4/websocket
2023-12-30T01:40:36.313+07:00  INFO 16276 --- [XNIO-1 task-3] lavalink.server.io.SocketServer          : Connection successfully established from Wavelink/3.1.0
2023-12-30T01:40:36.317+07:00  INFO 16276 --- [XNIO-1 task-3] l.server.io.RequestLoggingFilter         : PATCH /v4/sessions/z3f41mrkjr3abhuc, payload={"resuming": true, "timeout": 60}
2023-12-30T01:40:36.319+07:00  INFO 16276 --- [XNIO-1 task-3] l.server.io.RequestLoggingFilter         : GET /v4/info
2023-12-30T01:40:46.364+07:00  INFO 16276 --- [pool-25-thread-1] lavalink.server.io.SocketContext         : Shutting down 0 playing players.
2023-12-30T01:41:19.234+07:00  INFO 16276 --- [XNIO-1 task-3] l.server.io.RequestLoggingFilter         : PATCH /v4/sessions/z3f41mrkjr3abhuc/players/770995620013408266?noReplace=True, payload={"voice": {"sessionId": "c6d50bfb9b55ee65ace9480b59a6e87a", "token": "9706059a124c777f", "endpoint": "singapore3272.discord.media:443"}}
2023-12-30T01:41:19.344+07:00  INFO 16276 --- [XNIO-1 task-3] l.server.player.AudioLoaderRestHandler   : Got request to load for identifier "ytmsearch:queencard"
2023-12-30T01:41:19.960+07:00  INFO 16276 --- [XNIO-1 task-3] lavalink.server.player.AudioLoader       : Loaded playlist Search results for: queencard
2023-12-30T01:41:19.963+07:00  INFO 16276 --- [XNIO-1 task-3] l.server.io.RequestLoggingFilter         : GET /v4/loadtracks?identifier=ytmsearch:queencard
2023-12-30T01:41:19.968+07:00  INFO 16276 --- [XNIO-1 task-3] l.server.io.RequestLoggingFilter         : PATCH /v4/sessions/z3f41mrkjr3abhuc/players/770995620013408266?noReplace=True, payload={"volume": 100}
2023-12-30T01:41:19.998+07:00  INFO 16276 --- [XNIO-1 task-3] l.server.io.RequestLoggingFilter         : PATCH /v4/sessions/z3f41mrkjr3abhuc/players/770995620013408266?noReplace=False, payload={"track": {"encoded": "QAABAQMAHlF1ZWVuY2FyZCAo7YC47Lm0IChRdWVlbmNhcmQpKQAIKEcpSS1ETEUAAAAAAAJ40AALdl9nT19QOGd1ZzgAAQAraHR0cHM6Ly93d3cueW91dHViZS5jb20vd2F0Y2g/dj12X2dPX1A4Z3VnOAEAfWh0dHBzOi8vbGgzLmdvb2dsZXVzZXJjb250ZW50LmNvbS9XdjJzdE1ENHN6andWdmRsZTVMbFF3NkRTRmtWc0lJbjJtX2xIUmdXLUFSZHhabnNTcW9oMkt2eVVDb3JzVzZRNFp2LTlqbHZBLXZhT2J3PXcxMDAwLWgxMDAwAAAHeW91dHViZQAAAAAAAAAA", "userData": {"requester": "littlxbirdd", "requester_icon": "https://cdn.discordapp.com/avatars/407176297991634954/2d8078aae9c773680f27c294797cac28.png?size=1024", "source": "youtube", "thumb": "https://lh3.googleusercontent.com/Wv2stMD4szjwVvdle5LlQw6DSFkVsIIn2m_lHRgW-ARdxZnsSqoh2KvyUCorsW6Q4Zv-9jlvA-vaObw=w1000-h1000"}}, "volume": 100, "position": 0, "endTime": null, "paused": false, "filters": {"equalizer": [{"band": 0, "gain": 0.0}, {"band": 1, "gain": 0.0}, {"band": 2, "gain": 0.0}, {"band": 3, "gain": 0.0}, {"band": 4, "gain": 0.0}, {"band": 5, "gain": 0.0}, {"band": 6, "gain": 0.0}, {"band": 7, "gain": 0.0}, {"band": 8, "gain": 0.0}, {"band": 9, "gain": 0.0}, {"band": 10, "gain": 0.0}, {"band": 11, "gain": 0.0}, {"band": 12, "gain": 0.0}, {"band": 13, "gain": 0.0}, {"band": 14, "gain": 0.0}]}}
2023-12-30T01:41:19.998+07:00  INFO 16276 --- [lava-daemon-pool-playback-1-thread-1] c.s.d.l.s.y.YoutubeAccessTokenTracker    : Updating YouTube access token (current is null).
2023-12-30T01:41:20.612+07:00  INFO 16276 --- [lava-daemon-pool-playback-1-thread-1] c.s.d.l.s.y.YoutubeAccessTokenTracker    : Updating YouTube access token succeeded, new token is ya29.a0AfB_byBt_mDD4tzV2pmiq0PXRONiEJI-Vmg-ZTWwDupZZmwQm1cK-xk3ugTF_xI4JxbGC22kvqU1HfQMylZMF8PMrNZ_RkfJ12cKQIVCQtxQP3CWd5QCZPHD9sD_ub7oREEiPXn-pap5UPdArDYdhOsI61x4RF-znzGYMuR_QRudhdWOsQaCgYKAU4SARASFQHGX2MiyIAZHEc32i-xrNP4DgfMBA0185, next update will be after 67538 seconds.
2023-12-30T01:41:21.590+07:00  INFO 16276 --- [lava-daemon-pool-playback-1-thread-1] c.s.d.l.s.y.YoutubeAccessTokenTracker    : Updating YouTube visitor id (current is null).
2023-12-30T01:41:21.754+07:00  INFO 16276 --- [lava-daemon-pool-playback-1-thread-1] c.s.d.l.s.y.YoutubeAccessTokenTracker    : Updating YouTube visitor id succeeded, new one is CgtoWVhqZi1ZSUx3OCjPpbysBjIKCgJUSBIEGgAgJjoKIIrJkIvw2cTHZQ%3D%3D, next update will be after 600 seconds.
2023-12-30T01:41:24.481+07:00  INFO 16276 --- [pool-26-thread-1] lavalink.server.io.SocketContext         : Shutting down 0 playing players.
2023-12-30T01:44:32.607+07:00  INFO 16276 --- [XNIO-1 task-3] l.server.io.RequestLoggingFilter         : DELETE /v4/sessions/z3f41mrkjr3abhuc/players/770995620013408266
2023-12-30T01:46:30.559+07:00  INFO 16276 --- [XNIO-1 I/O-6] lavalink.server.io.SocketServer          : Connection closed from /[0:0:0:0:0:0:0:1]:55632 with status CloseStatus[code=1006, reason=] -- Session can be resumed within the next 60 seconds with id z3f41mrkjr3abhuc
2023-12-30T01:46:42.608+07:00  INFO 16276 --- [XNIO-1 task-3] l.server.io.HandshakeInterceptorImpl     : Incoming connection from /[0:0:0:0:0:0:0:1]:55802
2023-12-30T01:46:42.610+07:00  INFO 16276 --- [XNIO-1 task-3] l.server.io.RequestLoggingFilter         : GET /v4/websocket
2023-12-30T01:46:42.612+07:00  INFO 16276 --- [XNIO-1 task-3] lavalink.server.io.SocketServer          : Connection successfully established from Wavelink/3.1.0
2023-12-30T01:46:42.616+07:00  INFO 16276 --- [XNIO-1 task-3] l.server.io.RequestLoggingFilter         : PATCH /v4/sessions/ssi0fcny0ui430mu, payload={"resuming": true, "timeout": 60}
2023-12-30T01:46:42.618+07:00  INFO 16276 --- [XNIO-1 task-3] l.server.io.RequestLoggingFilter         : GET /v4/info
2023-12-30T01:46:56.590+07:00  INFO 16276 --- [XNIO-1 task-3] l.server.io.RequestLoggingFilter         : PATCH /v4/sessions/ssi0fcny0ui430mu/players/770995620013408266?noReplace=True, payload={"voice": {"sessionId": "08e7e01875990849c6d0835e7995906d", "token": "ca570fa7948b30e7", "endpoint": "singapore3272.discord.media:443"}}
2023-12-30T01:46:58.190+07:00  INFO 16276 --- [XNIO-1 task-3] l.server.io.RequestLoggingFilter         : DELETE /v4/sessions/ssi0fcny0ui430mu/players/770995620013408266
2023-12-30T01:46:59.076+07:00  INFO 16276 --- [XNIO-1 I/O-1] lavalink.server.io.SocketServer          : Connection closed from /[0:0:0:0:0:0:0:1]:55802 with status CloseStatus[code=1006, reason=] -- Session can be resumed within the next 60 seconds with id ssi0fcny0ui430mu
2023-12-30T01:47:30.563+07:00  INFO 16276 --- [pool-27-thread-1] lavalink.server.io.SocketContext         : Shutting down 0 playing players.
2023-12-30T01:47:59.084+07:00  INFO 16276 --- [pool-28-thread-1] lavalink.server.io.SocketContext         : Shutting down 0 playing players.
